=== RUN   TestAdd
--- FAIL: TestAdd (0.00s)
    math_test.go:10: expected 5, got 3
=== RUN   TestSubtract
--- FAIL: TestSubtract (0.00s)
    math_test.go:15: expected 1, got -1
=== RUN   TestMultiply
--- FAIL: TestMultiply (0.00s)
    math_test.go:23: expected 15, got 0
=== RUN   TestDivide
panic: runtime error: invalid memory address or nil pointer dereference
[signal SIGSEGV: segmentation violation code=0x1 addr=0x0 pc=0x123456]

goroutine 20 [running]:
example.com/math.Divide(0x0, 0x2)
    /path/to/math.go:42 +0x20
example.com/math.TestDivide(0xc00010e000)
    /path/to/math_test.go:31 +0x35
testing.tRunner(0xc00010e000, 0x123abc)
    /usr/local/go/src/testing/testing.go:1123 +0xef
created by testing.(*T).Run
    /usr/local/go/src/testing/testing.go:1168 +0x2b3

--- FAIL: TestDivide (0.00s)
=== RUN   TestModulo
--- FAIL: TestModulo (0.00s)
    math_test.go:37: expected 1, got 2
FAIL
exit status 2
FAIL    example.com/math    0.007s
